{
"/home/farhad/projects/weeWikiPaint/test/compiled/src/scripts/drawingArea.js":{"path":"/home/farhad/projects/weeWikiPaint/test/compiled/src/scripts/drawingArea.js","statementMap":{"0":{"start":{"line":2,"column":14},"end":{"line":2,"column":32}},"1":{"start":{"line":4,"column":19},"end":{"line":4,"column":88}},"2":{"start":{"line":5,"column":16},"end":{"line":5,"column":38}},"3":{"start":{"line":6,"column":20},"end":{"line":6,"column":90}},"4":{"start":{"line":7,"column":17},"end":{"line":7,"column":40}},"5":{"start":{"line":8,"column":16},"end":{"line":8,"column":58}},"6":{"start":{"line":9,"column":4},"end":{"line":9,"column":17}},"7":{"start":{"line":11,"column":0},"end":{"line":11,"column":54}},"8":{"start":{"line":13,"column":4},"end":{"line":13,"column":125}},"9":{"start":{"line":15,"column":0},"end":{"line":15,"column":28}}},"fnMap":{"0":{"name":"initializeDrawingArea","decl":{"start":{"line":3,"column":9},"end":{"line":3,"column":30}},"loc":{"start":{"line":3,"column":51},"end":{"line":10,"column":1}}},"1":{"name":"drawLine","decl":{"start":{"line":12,"column":9},"end":{"line":12,"column":17}},"loc":{"start":{"line":12,"column":30},"end":{"line":14,"column":1}}}},"branchMap":{},"s":{"0":3,"1":17,"2":17,"3":17,"4":17,"5":17,"6":17,"7":3,"8":28,"9":3},"f":{"0":17,"1":28},"b":{},"_coverageSchema":"332fd63041d2c1bcb487cc26dd0d5f7d97098a6c","hash":"9f777c103c54130db3ba4aaa558216e9b8013780","l":{"2":3,"4":17,"5":17,"6":17,"7":17,"8":17,"9":17,"11":3,"13":28,"15":3}},
"/home/farhad/projects/weeWikiPaint/test/compiled/src/scripts/userInteraction.js":{"path":"/home/farhad/projects/weeWikiPaint/test/compiled/src/scripts/userInteraction.js","statementMap":{"0":{"start":{"line":6,"column":16},"end":{"line":6,"column":25}},"1":{"start":{"line":7,"column":4},"end":{"line":12,"column":7}},"2":{"start":{"line":8,"column":8},"end":{"line":11,"column":9}},"3":{"start":{"line":9,"column":29},"end":{"line":9,"column":84}},"4":{"start":{"line":10,"column":12},"end":{"line":10,"column":52}},"5":{"start":{"line":13,"column":4},"end":{"line":13,"column":104}},"6":{"start":{"line":13,"column":55},"end":{"line":13,"column":100}},"7":{"start":{"line":14,"column":4},"end":{"line":14,"column":39}},"8":{"start":{"line":15,"column":4},"end":{"line":15,"column":42}},"9":{"start":{"line":16,"column":4},"end":{"line":16,"column":65}},"10":{"start":{"line":16,"column":43},"end":{"line":16,"column":61}},"11":{"start":{"line":17,"column":4},"end":{"line":17,"column":66}},"12":{"start":{"line":17,"column":44},"end":{"line":17,"column":62}},"13":{"start":{"line":18,"column":4},"end":{"line":18,"column":40}},"14":{"start":{"line":19,"column":4},"end":{"line":19,"column":84}},"15":{"start":{"line":19,"column":52},"end":{"line":19,"column":80}},"16":{"start":{"line":20,"column":4},"end":{"line":20,"column":85}},"17":{"start":{"line":20,"column":52},"end":{"line":20,"column":81}},"18":{"start":{"line":22,"column":8},"end":{"line":32,"column":9}},"19":{"start":{"line":23,"column":12},"end":{"line":29,"column":15}},"20":{"start":{"line":30,"column":12},"end":{"line":30,"column":24}},"21":{"start":{"line":31,"column":12},"end":{"line":31,"column":24}},"22":{"start":{"line":35,"column":8},"end":{"line":35,"column":46}},"23":{"start":{"line":38,"column":0},"end":{"line":38,"column":42}}},"fnMap":{"0":{"name":"userInteraction","decl":{"start":{"line":5,"column":9},"end":{"line":5,"column":24}},"loc":{"start":{"line":5,"column":54},"end":{"line":37,"column":1}}},"1":{"name":"(anonymous_1)","decl":{"start":{"line":7,"column":48},"end":{"line":7,"column":49}},"loc":{"start":{"line":7,"column":65},"end":{"line":12,"column":5}}},"2":{"name":"(anonymous_2)","decl":{"start":{"line":13,"column":41},"end":{"line":13,"column":42}},"loc":{"start":{"line":13,"column":53},"end":{"line":13,"column":102}}},"3":{"name":"(anonymous_3)","decl":{"start":{"line":16,"column":27},"end":{"line":16,"column":28}},"loc":{"start":{"line":16,"column":41},"end":{"line":16,"column":63}}},"4":{"name":"(anonymous_4)","decl":{"start":{"line":17,"column":28},"end":{"line":17,"column":29}},"loc":{"start":{"line":17,"column":42},"end":{"line":17,"column":64}}},"5":{"name":"(anonymous_5)","decl":{"start":{"line":19,"column":38},"end":{"line":19,"column":39}},"loc":{"start":{"line":19,"column":50},"end":{"line":19,"column":82}}},"6":{"name":"(anonymous_6)","decl":{"start":{"line":20,"column":38},"end":{"line":20,"column":39}},"loc":{"start":{"line":20,"column":50},"end":{"line":20,"column":83}}},"7":{"name":"handleDrang","decl":{"start":{"line":21,"column":13},"end":{"line":21,"column":24}},"loc":{"start":{"line":21,"column":31},"end":{"line":33,"column":5}}},"8":{"name":"stopDrawing","decl":{"start":{"line":34,"column":13},"end":{"line":34,"column":24}},"loc":{"start":{"line":34,"column":27},"end":{"line":36,"column":5}}}},"branchMap":{"0":{"loc":{"start":{"line":8,"column":8},"end":{"line":11,"column":9}},"type":"if","locations":[{"start":{"line":8,"column":8},"end":{"line":11,"column":9}},{"start":{"line":8,"column":8},"end":{"line":11,"column":9}}]},"1":{"loc":{"start":{"line":22,"column":8},"end":{"line":32,"column":9}},"type":"if","locations":[{"start":{"line":22,"column":8},"end":{"line":32,"column":9}},{"start":{"line":22,"column":8},"end":{"line":32,"column":9}}]}},"s":{"0":15,"1":15,"2":83,"3":22,"4":22,"5":15,"6":21,"7":15,"8":15,"9":15,"10":8,"11":15,"12":6,"13":15,"14":15,"15":0,"16":15,"17":0,"18":29,"19":27,"20":27,"21":27,"22":5,"23":2},"f":{"0":15,"1":83,"2":21,"3":8,"4":6,"5":0,"6":0,"7":29,"8":5},"b":{"0":[22,61],"1":[27,2]},"_coverageSchema":"332fd63041d2c1bcb487cc26dd0d5f7d97098a6c","hash":"cf6ca0a595df2869ce9807d88ea07a39d87c8341","l":{"6":15,"7":15,"8":83,"9":22,"10":22,"13":21,"14":15,"15":15,"16":15,"17":15,"18":15,"19":15,"20":15,"22":29,"23":27,"30":27,"31":27,"35":5,"38":2}},
"/home/farhad/projects/weeWikiPaint/test/compiled/src/scripts/DOMElement.js":{"path":"/home/farhad/projects/weeWikiPaint/test/compiled/src/scripts/DOMElement.js","statementMap":{"0":{"start":{"line":2,"column":18},"end":{"line":69,"column":3}},"1":{"start":{"line":4,"column":8},"end":{"line":11,"column":10}},"2":{"start":{"line":5,"column":24},"end":{"line":5,"column":28}},"3":{"start":{"line":6,"column":12},"end":{"line":10,"column":15}},"4":{"start":{"line":7,"column":16},"end":{"line":7,"column":48}},"5":{"start":{"line":8,"column":16},"end":{"line":8,"column":39}},"6":{"start":{"line":9,"column":16},"end":{"line":9,"column":93}},"7":{"start":{"line":12,"column":8},"end":{"line":14,"column":10}},"8":{"start":{"line":13,"column":12},"end":{"line":13,"column":69}},"9":{"start":{"line":15,"column":8},"end":{"line":15,"column":39}},"10":{"start":{"line":16,"column":8},"end":{"line":16,"column":67}},"11":{"start":{"line":17,"column":8},"end":{"line":17,"column":63}},"12":{"start":{"line":18,"column":8},"end":{"line":18,"column":69}},"13":{"start":{"line":19,"column":8},"end":{"line":19,"column":72}},"14":{"start":{"line":20,"column":8},"end":{"line":20,"column":40}},"15":{"start":{"line":22,"column":4},"end":{"line":27,"column":6}},"16":{"start":{"line":23,"column":8},"end":{"line":26,"column":10}},"17":{"start":{"line":28,"column":4},"end":{"line":36,"column":6}},"18":{"start":{"line":29,"column":20},"end":{"line":29,"column":24}},"19":{"start":{"line":30,"column":8},"end":{"line":35,"column":11}},"20":{"start":{"line":31,"column":12},"end":{"line":34,"column":13}},"21":{"start":{"line":32,"column":25},"end":{"line":32,"column":97}},"22":{"start":{"line":32,"column":103},"end":{"line":32,"column":107}},"23":{"start":{"line":32,"column":113},"end":{"line":32,"column":117}},"24":{"start":{"line":33,"column":16},"end":{"line":33,"column":25}},"25":{"start":{"line":37,"column":4},"end":{"line":39,"column":6}},"26":{"start":{"line":38,"column":8},"end":{"line":38,"column":62}},"27":{"start":{"line":40,"column":4},"end":{"line":47,"column":6}},"28":{"start":{"line":41,"column":20},"end":{"line":41,"column":24}},"29":{"start":{"line":42,"column":8},"end":{"line":46,"column":11}},"30":{"start":{"line":43,"column":12},"end":{"line":43,"column":44}},"31":{"start":{"line":44,"column":12},"end":{"line":44,"column":35}},"32":{"start":{"line":45,"column":12},"end":{"line":45,"column":67}},"33":{"start":{"line":49,"column":4},"end":{"line":51,"column":6}},"34":{"start":{"line":50,"column":8},"end":{"line":50,"column":80}},"35":{"start":{"line":53,"column":4},"end":{"line":55,"column":6}},"36":{"start":{"line":54,"column":8},"end":{"line":54,"column":45}},"37":{"start":{"line":57,"column":4},"end":{"line":59,"column":6}},"38":{"start":{"line":58,"column":8},"end":{"line":58,"column":45}},"39":{"start":{"line":61,"column":4},"end":{"line":67,"column":6}},"40":{"start":{"line":62,"column":20},"end":{"line":62,"column":24}},"41":{"start":{"line":63,"column":8},"end":{"line":63,"column":33}},"42":{"start":{"line":64,"column":8},"end":{"line":66,"column":16}},"43":{"start":{"line":65,"column":12},"end":{"line":65,"column":41}},"44":{"start":{"line":68,"column":4},"end":{"line":68,"column":22}},"45":{"start":{"line":70,"column":0},"end":{"line":70,"column":32}}},"fnMap":{"0":{"name":"(anonymous_0)","decl":{"start":{"line":2,"column":18},"end":{"line":2,"column":19}},"loc":{"start":{"line":2,"column":30},"end":{"line":69,"column":1}}},"1":{"name":"DOMElement","decl":{"start":{"line":3,"column":13},"end":{"line":3,"column":23}},"loc":{"start":{"line":3,"column":33},"end":{"line":21,"column":5}}},"2":{"name":"(anonymous_2)","decl":{"start":{"line":4,"column":28},"end":{"line":4,"column":29}},"loc":{"start":{"line":4,"column":42},"end":{"line":11,"column":9}}},"3":{"name":"(anonymous_3)","decl":{"start":{"line":6,"column":64},"end":{"line":6,"column":65}},"loc":{"start":{"line":6,"column":81},"end":{"line":10,"column":13}}},"4":{"name":"(anonymous_4)","decl":{"start":{"line":12,"column":29},"end":{"line":12,"column":30}},"loc":{"start":{"line":12,"column":43},"end":{"line":14,"column":9}}},"5":{"name":"(anonymous_5)","decl":{"start":{"line":22,"column":42},"end":{"line":22,"column":43}},"loc":{"start":{"line":22,"column":74},"end":{"line":27,"column":5}}},"6":{"name":"(anonymous_6)","decl":{"start":{"line":28,"column":39},"end":{"line":28,"column":40}},"loc":{"start":{"line":28,"column":53},"end":{"line":36,"column":5}}},"7":{"name":"(anonymous_7)","decl":{"start":{"line":30,"column":59},"end":{"line":30,"column":60}},"loc":{"start":{"line":30,"column":76},"end":{"line":35,"column":9}}},"8":{"name":"(anonymous_8)","decl":{"start":{"line":37,"column":38},"end":{"line":37,"column":39}},"loc":{"start":{"line":37,"column":52},"end":{"line":39,"column":5}}},"9":{"name":"(anonymous_9)","decl":{"start":{"line":40,"column":39},"end":{"line":40,"column":40}},"loc":{"start":{"line":40,"column":53},"end":{"line":47,"column":5}}},"10":{"name":"(anonymous_10)","decl":{"start":{"line":42,"column":59},"end":{"line":42,"column":60}},"loc":{"start":{"line":42,"column":76},"end":{"line":46,"column":9}}},"11":{"name":"(anonymous_11)","decl":{"start":{"line":49,"column":48},"end":{"line":49,"column":49}},"loc":{"start":{"line":49,"column":60},"end":{"line":51,"column":5}}},"12":{"name":"(anonymous_12)","decl":{"start":{"line":53,"column":35},"end":{"line":53,"column":36}},"loc":{"start":{"line":53,"column":47},"end":{"line":55,"column":5}}},"13":{"name":"(anonymous_13)","decl":{"start":{"line":57,"column":36},"end":{"line":57,"column":37}},"loc":{"start":{"line":57,"column":48},"end":{"line":59,"column":5}}},"14":{"name":"(anonymous_14)","decl":{"start":{"line":61,"column":57},"end":{"line":61,"column":58}},"loc":{"start":{"line":61,"column":69},"end":{"line":67,"column":5}}},"15":{"name":"(anonymous_15)","decl":{"start":{"line":64,"column":32},"end":{"line":64,"column":33}},"loc":{"start":{"line":64,"column":44},"end":{"line":66,"column":9}}}},"branchMap":{"0":{"loc":{"start":{"line":31,"column":12},"end":{"line":34,"column":13}},"type":"if","locations":[{"start":{"line":31,"column":12},"end":{"line":34,"column":13}},{"start":{"line":31,"column":12},"end":{"line":34,"column":13}}]}},"s":{"0":2,"1":15,"2":15,"3":15,"4":6,"5":6,"6":6,"7":15,"8":15,"9":15,"10":15,"11":15,"12":15,"13":15,"14":15,"15":2,"16":43,"17":2,"18":15,"19":15,"20":8,"21":7,"22":7,"23":7,"24":7,"25":2,"26":15,"27":2,"28":15,"29":15,"30":8,"31":8,"32":8,"33":2,"34":0,"35":2,"36":0,"37":2,"38":0,"39":2,"40":0,"41":0,"42":0,"43":0,"44":2,"45":2},"f":{"0":2,"1":15,"2":15,"3":6,"4":15,"5":43,"6":15,"7":8,"8":15,"9":15,"10":8,"11":0,"12":0,"13":0,"14":0,"15":0},"b":{"0":[7,1]},"_coverageSchema":"332fd63041d2c1bcb487cc26dd0d5f7d97098a6c","hash":"56d5d21e68a94e39bd3b9ab99d7869b6bfdec0c5","l":{"2":2,"4":15,"5":15,"6":15,"7":6,"8":6,"9":6,"12":15,"13":15,"15":15,"16":15,"17":15,"18":15,"19":15,"20":15,"22":2,"23":43,"28":2,"29":15,"30":15,"31":8,"32":7,"33":7,"37":2,"38":15,"40":2,"41":15,"42":15,"43":8,"44":8,"45":8,"49":2,"50":0,"53":2,"54":0,"57":2,"58":0,"61":2,"62":0,"63":0,"64":0,"65":0,"68":2,"70":2}}}
